20230607	21:07:17	deec5e59-878c-4650-b9c9-cc34d1d5a207	GET	/	undefined
20230607	21:11:54	0cc40f3c-e78b-4adb-a9db-fe220ad26f1a	GET	/	undefined
20230607	21:13:16	b29a933f-8cdd-4f7d-b653-e0e2d4324ae2	GET	/	null
20230607	21:13:17	d633893a-2355-445e-831a-7ae75f98c4d5	GET	/	null
20230607	21:13:25	35470259-06f6-431e-aa66-d4b9b2b34ffa	GET	/	null
20230607	21:13:45	3f466180-d783-47a6-a4f8-566dd9248135	GET	/	undefined
20230607	21:16:02	1d652806-8b78-4980-9534-b3e3e9974d43	GET	/	undefined
20230607	21:16:02	ce086ca1-6d29-488a-aa43-2d74b1264029	GET	/	null
20230607	21:16:08	95085615-abcd-4ed2-a8de-824abf427da5	GET	/	undefined
20230608	15:31:20	3d7e850a-80e5-4557-864f-95a8aac88817	GET	/users	undefined
20230608	15:42:59	f1e755a0-e00d-4985-a06f-cbdece495639	GET	/users	undefined
20230608	15:43:04	8bab1097-43ff-44c6-b207-453c59c1eeff	GET	/users	undefined
20230608	15:43:07	b0d3bef7-e664-445a-baf8-714bdc5d2fd5	GET	/users	undefined
20230608	15:43:08	b2d8d708-40dd-4615-9317-3fda38fac3df	GET	/users	undefined
20230608	15:43:26	337ec1ae-69f0-488a-a04a-9976d7e7963c	GET	/users	undefined
20230608	15:44:12	63f048ef-17bc-479d-9afe-65f113e2d852	GET	/users	undefined
20230608	15:50:05	0970fe42-e911-40b0-ab24-e8df1f4ed9e7	GET	/users	undefined
20230608	15:52:10	7fe31657-1ab6-44a4-952d-b6c166c561f9	GET	/users	undefined
20230608	15:52:11	b5433248-574a-4d8f-a0cb-05e91cc23a33	GET	/users	undefined
20230608	15:52:12	5343b709-c279-4809-ae7a-0fb35d31d606	GET	/users	undefined
20230608	15:53:00	8acd6844-edc6-41d4-b4f6-62be31d4ee4f	GET	/users	undefined
20230608	15:53:02	fb59643b-512c-445c-9a6c-35d5ac0f08cf	GET	/users	undefined
20230608	15:53:30	b4078837-f857-48ab-95e4-328827448261	GET	/users	undefined
20230608	15:55:33	90e6ff34-2397-4caa-977e-685548b84833	GET	/users	undefined
20230608	16:00:21	07605cb9-b2dd-4c1e-bc01-2b4367b0956f	GET	/users	undefined
20230608	16:01:13	f5b123ec-e0ad-4a0e-bde9-b2e35b22954e	GET	/users	undefined
20230608	16:01:15	550cb0de-58f0-476a-b8ba-519ef90e1d0b	GET	/users	undefined
20230608	16:01:25	303fd548-d058-45e3-b9cb-6a9376174b94	GET	/users	undefined
20230608	16:01:26	4e534ce8-e7d3-41a6-8dc9-aa544a61acdc	GET	/users	undefined
20230608	16:01:30	1b93d455-59c2-4fd2-8fd7-3ed435c3dfc0	GET	/users	undefined
20230608	16:01:48	7de99e7a-4135-488b-b52a-bb42680ec4e5	GET	/users	undefined
20230608	16:04:09	371ad4c1-04af-426b-990e-7ce90d5e4bcc	POST	/users	undefined
20230608	16:06:32	5fc60869-a28e-48f0-aea8-10e6aed370d8	POST	/users	undefined
